<?xml version="1.0" encoding="UTF-8"?>
<testsuite xmlns:xsi="http://www.w3.org/2001/XMLSchema-instance" xsi:noNamespaceSchemaLocation="https://maven.apache.org/surefire/maven-surefire-plugin/xsd/surefire-test-report-3.0.xsd" version="3.0" name="com.monolitica.crud.CrudApplicationTests" time="2.743" tests="1" errors="0" skipped="0" failures="0">
  <properties>
[...]
</properties>
  <testcase name="contextLoads" classname="com.monolitica.crud.CrudApplicationTests" time="0.759">
    <system-out><![CDATA[11:55:48.135 [main] INFO org.springframework.test.context.support.AnnotationConfigContextLoaderUtils -- Could not detect default configuration classes for test class [com.monolitica.crud.CrudApplicationTests]: CrudApplicationTests does not declare any static, non-private, non-final, nested classes annotated with @Configuration.
11:55:48.208 [main] INFO org.springframework.boot.test.context.SpringBootTestContextBootstrapper -- Found @SpringBootConfiguration com.monolitica.crud.CrudApplication for test class com.monolitica.crud.CrudApplicationTests

  .   ____          _            __ _ _
 /\\ / ___'_ __ _ _(_)_ __  __ _ \ \ \ \
( ( )\___ | '_ | '_| | '_ \/ _` | \ \ \ \
 \\/  ___)| |_)| | | | | || (_| |  ) ) ) )
  '  |____| .__|_| |_|_| |_\__, | / / / /
 =========|_|==============|___/=/_/_/_/
 :: Spring Boot ::                (v3.1.5)

2024-04-04T11:55:48.493-04:00  INFO 30752 --- [           main] c.monolitica.crud.CrudApplicationTests   : Starting CrudApplicationTests using Java 21.0.1 with PID 30752 (started by elmer in /home/elmer/Desktop/res/spring_boot/printer_plugin)
2024-04-04T11:55:48.495-04:00  INFO 30752 --- [           main] c.monolitica.crud.CrudApplicationTests   : No active profile set, falling back to 1 default profile: "default"
cors
2024-04-04T11:55:49.950-04:00  INFO 30752 --- [           main] c.monolitica.crud.CrudApplicationTests   : Started CrudApplicationTests in 1.644 seconds (process running for 2.39)
]]></system-out>
    <system-err><![CDATA[WARNING: A Java agent has been loaded dynamically (/home/elmer/.m2/repository/net/bytebuddy/byte-buddy-agent/1.14.9/byte-buddy-agent-1.14.9.jar)
WARNING: If a serviceability tool is in use, please run with -XX:+EnableDynamicAgentLoading to hide this warning
WARNING: If a serviceability tool is not in use, please run with -Djdk.instrument.traceUsage for more information
WARNING: Dynamic loading of agents will be disallowed by default in a future release
]]></system-err>
  </testcase>
</testsuite>